<?xml version="1.0" encoding="UTF-8"?>
<testng-results ignored="0" total="1" passed="1" failed="0" skipped="0">
  <reporter-output>
  </reporter-output>
  <suite started-at="2022-11-17T18:47:25 EET" name="Default suite" finished-at="2022-11-17T18:47:35 EET" duration-ms="10146">
    <groups>
    </groups>
    <test started-at="2022-11-17T18:47:25 EET" name="Default test" finished-at="2022-11-17T18:47:35 EET" duration-ms="10146">
      <class name="com.google.Selenium.factoryInvalidSignup">
        <test-method is-config="true" signature="OpenURL()[pri:0, instance:com.google.Selenium.factoryInvalidSignup@5ba745bc]" started-at="2022-11-17T18:47:25 EET" name="OpenURL" finished-at="2022-11-17T18:47:34 EET" duration-ms="8383" status="PASS">
          <reporter-output>
          </reporter-output>
        </test-method> <!-- OpenURL -->
        <test-method signature="missingdata()[pri:0, instance:com.google.Selenium.factoryInvalidSignup@5ba745bc]" started-at="2022-11-17T18:47:34 EET" name="missingdata" finished-at="2022-11-17T18:47:35 EET" duration-ms="1204" status="PASS">
          <reporter-output>
          </reporter-output>
        </test-method> <!-- missingdata -->
        <test-method is-config="true" signature="CloseDriver()[pri:0, instance:com.google.Selenium.factoryInvalidSignup@5ba745bc]" started-at="2022-11-17T18:47:35 EET" name="CloseDriver" finished-at="2022-11-17T18:47:35 EET" duration-ms="342" status="PASS">
          <reporter-output>
          </reporter-output>
        </test-method> <!-- CloseDriver -->
      </class> <!-- com.google.Selenium.factoryInvalidSignup -->
    </test> <!-- Default test -->
  </suite> <!-- Default suite -->
</testng-results>
